Determining if the pthread_create exist failed with the following output:
Change Dir: /home/user/ram_uwsim/build/CMakeFiles/CMakeTmp

Run Build Command:/usr/bin/make "cmTryCompileExec3585861332/fast"
/usr/bin/make -f CMakeFiles/cmTryCompileExec3585861332.dir/build.make CMakeFiles/cmTryCompileExec3585861332.dir/build
make[1]: Entering directory `/home/user/ram_uwsim/build/CMakeFiles/CMakeTmp'
/usr/bin/cmake -E cmake_progress_report /home/user/ram_uwsim/build/CMakeFiles/CMakeTmp/CMakeFiles 1
Building C object CMakeFiles/cmTryCompileExec3585861332.dir/CheckSymbolExists.c.o
/usr/bin/cc    -o CMakeFiles/cmTryCompileExec3585861332.dir/CheckSymbolExists.c.o   -c /home/user/ram_uwsim/build/CMakeFiles/CMakeTmp/CheckSymbolExists.c
Linking C executable cmTryCompileExec3585861332
/usr/bin/cmake -E cmake_link_script CMakeFiles/cmTryCompileExec3585861332.dir/link.txt --verbose=1
/usr/bin/cc       CMakeFiles/cmTryCompileExec3585861332.dir/CheckSymbolExists.c.o  -o cmTryCompileExec3585861332 -rdynamic 
CMakeFiles/cmTryCompileExec3585861332.dir/CheckSymbolExists.c.o: In function `main':
CheckSymbolExists.c:(.text+0x16): undefined reference to `pthread_create'
collect2: error: ld returned 1 exit status
make[1]: Leaving directory `/home/user/ram_uwsim/build/CMakeFiles/CMakeTmp'
make[1]: *** [cmTryCompileExec3585861332] Error 1
make: *** [cmTryCompileExec3585861332/fast] Error 2

File /home/user/ram_uwsim/build/CMakeFiles/CMakeTmp/CheckSymbolExists.c:
/* */
#include <pthread.h>

int main(int argc, char** argv)
{
  (void)argv;
#ifndef pthread_create
  return ((int*)(&pthread_create))[argc];
#else
  (void)argc;
  return 0;
#endif
}

Determining if the function pthread_create exists in the pthreads failed with the following output:
Change Dir: /home/user/ram_uwsim/build/CMakeFiles/CMakeTmp

Run Build Command:/usr/bin/make "cmTryCompileExec324717526/fast"
/usr/bin/make -f CMakeFiles/cmTryCompileExec324717526.dir/build.make CMakeFiles/cmTryCompileExec324717526.dir/build
make[1]: Entering directory `/home/user/ram_uwsim/build/CMakeFiles/CMakeTmp'
/usr/bin/cmake -E cmake_progress_report /home/user/ram_uwsim/build/CMakeFiles/CMakeTmp/CMakeFiles 1
Building C object CMakeFiles/cmTryCompileExec324717526.dir/CheckFunctionExists.c.o
/usr/bin/cc   -DCHECK_FUNCTION_EXISTS=pthread_create   -o CMakeFiles/cmTryCompileExec324717526.dir/CheckFunctionExists.c.o   -c /usr/share/cmake-2.8/Modules/CheckFunctionExists.c
Linking C executable cmTryCompileExec324717526
/usr/bin/cmake -E cmake_link_script CMakeFiles/cmTryCompileExec324717526.dir/link.txt --verbose=1
/usr/bin/cc   -DCHECK_FUNCTION_EXISTS=pthread_create    CMakeFiles/cmTryCompileExec324717526.dir/CheckFunctionExists.c.o  -o cmTryCompileExec324717526 -rdynamic -lpthreads 
/usr/bin/ld: cannot find -lpthreads
collect2: error: ld returned 1 exit status
make[1]: Leaving directory `/home/user/ram_uwsim/build/CMakeFiles/CMakeTmp'
make[1]: *** [cmTryCompileExec324717526] Error 1
make: *** [cmTryCompileExec324717526/fast] Error 2


